<?xml version="1.0" encoding="UTF-8"?><testsuite errors="0" failures="1" name="Traductor de google" skipped="0" tests="1" time="16.3" timestamp="2018-07-16 04:29:46"><testcase name="Traducir de ingl�s a espanol"><failure message="The following error occurred: Expected enabled element was not enabled" type="net.thucydides.core.webdriver.exceptions.ElementShouldBeEnabledException">The following error occurred: Expected enabled element was not enabled</failure><system-err>The following error occurred: Expected enabled element was not enabled&#13;
co.com.proyectobase.screenplay.tasks.Traducir.performAs(Traducir.java:30)&#13;
co.com.proyectobase.screenplay.stepdefinitions.TraductorGoogleStepDefinitions.traduceLaPalabraTableDeInglesAEspanol(TraductorGoogleStepDefinitions.java:35)&#13;
cucumber.runner.Runner.runPickle(Runner.java:80)&#13;
org.eclipse.jdt.internal.junit4.runner.JUnit4TestReference.run(JUnit4TestReference.java:86)&#13;
org.eclipse.jdt.internal.junit.runner.TestExecution.run(TestExecution.java:38)&#13;
org.eclipse.jdt.internal.junit.runner.RemoteTestRunner.runTests(RemoteTestRunner.java:538)&#13;
org.eclipse.jdt.internal.junit.runner.RemoteTestRunner.runTests(RemoteTestRunner.java:760)&#13;
org.eclipse.jdt.internal.junit.runner.RemoteTestRunner.run(RemoteTestRunner.java:460)&#13;
org.eclipse.jdt.internal.junit.runner.RemoteTestRunner.main(RemoteTestRunner.java:206)&#13;
</system-err></testcase></testsuite>